<?xml version="1.0" encoding="UTF-8"?>
<!-- Generated by org.testng.reporters.JUnitReportReporter -->
<testsuite skipped="0" hostname="W10x64" name="practice.Demo" tests="1" failures="0" timestamp="24 Oct 2018 06:30:56 GMT" time="0.009" errors="0">
  <testcase name="testA" time="0.009" classname="practice.Demo"/>
</testsuite> <!-- practice.Demo -->
